<?xml version="1.0" encoding="UTF-8"?>
<!-- Generated by org.testng.reporters.JUnitReportReporter -->
<testsuite skipped="0" hostname="trongbuis-MacBook-Pro.local" name="com.itms.training.java.selenium.tests.TestNGTest2" tests="3" failures="0" timestamp="2021-12-14T18:56:03 ICT" time="0.002" errors="0">
  <testcase name="test2" time="0.000" classname="com.itms.training.java.selenium.tests.TestNGTest2"/>
  <system-out/>
  <testcase name="test3" time="0.001" classname="com.itms.training.java.selenium.tests.TestNGTest2"/>
  <system-out/>
  <testcase name="test1" time="0.001" classname="com.itms.training.java.selenium.tests.TestNGTest2"/>
  <system-out/>
</testsuite> <!-- com.itms.training.java.selenium.tests.TestNGTest2 -->
