<?xml version="1.0" encoding="UTF-8"?>
<!-- Generated by org.testng.reporters.JUnitReportReporter -->
<testsuite skipped="0" hostname="trongbuis-MacBook-Pro.local" name="com.itms.training.java.selenium.tests.TestNGTest1" tests="9" failures="0" timestamp="2021-12-14T18:55:58 ICT" time="0.028" errors="0">
  <testcase name="test2" time="0.005" classname="com.itms.training.java.selenium.tests.TestNGTest1"/>
  <system-out/>
  <testcase name="test1" time="0.007" classname="com.itms.training.java.selenium.tests.TestNGTest1"/>
  <system-out/>
  <testcase name="test2" time="0.001" classname="com.itms.training.java.selenium.tests.TestNGTest1"/>
  <system-out/>
  <testcase name="test1" time="0.001" classname="com.itms.training.java.selenium.tests.TestNGTest1"/>
  <system-out/>
  <testcase name="test2" time="0.001" classname="com.itms.training.java.selenium.tests.TestNGTest1"/>
  <system-out/>
  <testcase name="test1" time="0.002" classname="com.itms.training.java.selenium.tests.TestNGTest1"/>
  <system-out/>
  <testcase name="test1" time="0.009" classname="com.itms.training.java.selenium.tests.TestNGTest1"/>
  <system-out/>
  <testcase name="test1" time="0.001" classname="com.itms.training.java.selenium.tests.TestNGTest1"/>
  <system-out/>
  <testcase name="test1" time="0.001" classname="com.itms.training.java.selenium.tests.TestNGTest1"/>
  <system-out/>
</testsuite> <!-- com.itms.training.java.selenium.tests.TestNGTest1 -->
